1609362060.389262 client started (31532): version 3.1c, socket /private/tmp/tmux-501/default, protocol 8
1609362060.389308 on Darwin 19.6.0 Darwin Kernel Version 19.6.0: Tue Nov 10 00:10:30 PST 2020; root:xnu-6153.141.10~1/RELEASE_X86_64; libevent 2.1.12-stable (select)
1609362060.389349 socket is /private/tmp/tmux-501/default
1609362060.389369 trying connect
1609362060.389450 add peer 0x7fd926d31000: 8 (0x0)
1609362060.390605 sending message 100 to peer 0x7fd926d31000 (4 bytes)
1609362060.390624 sending message 101 to peer 0x7fd926d31000 (15 bytes)
1609362060.390635 sending message 102 to peer 0x7fd926d31000 (13 bytes)
1609362060.390643 sending message 108 to peer 0x7fd926d31000 (28 bytes)
1609362060.390658 sending message 104 to peer 0x7fd926d31000 (0 bytes)
1609362060.390665 sending message 107 to peer 0x7fd926d31000 (4 bytes)
1609362060.390673 sending message 105 to peer 0x7fd926d31000 (83 bytes)
1609362060.390680 sending message 105 to peer 0x7fd926d31000 (20 bytes)
1609362060.390687 sending message 105 to peer 0x7fd926d31000 (12 bytes)
1609362060.390693 sending message 105 to peer 0x7fd926d31000 (40 bytes)
1609362060.390700 sending message 105 to peer 0x7fd926d31000 (40 bytes)
1609362060.390707 sending message 105 to peer 0x7fd926d31000 (48 bytes)
1609362060.390714 sending message 105 to peer 0x7fd926d31000 (18 bytes)
1609362060.390720 sending message 105 to peer 0x7fd926d31000 (19 bytes)
1609362060.390727 sending message 105 to peer 0x7fd926d31000 (14 bytes)
1609362060.390734 sending message 105 to peer 0x7fd926d31000 (26 bytes)
1609362060.390741 sending message 105 to peer 0x7fd926d31000 (36 bytes)
1609362060.390748 sending message 105 to peer 0x7fd926d31000 (39 bytes)
1609362060.390754 sending message 105 to peer 0x7fd926d31000 (212 bytes)
1609362060.390761 sending message 105 to peer 0x7fd926d31000 (32 bytes)
1609362060.390768 sending message 105 to peer 0x7fd926d31000 (26 bytes)
1609362060.390775 sending message 105 to peer 0x7fd926d31000 (8 bytes)
1609362060.390781 sending message 105 to peer 0x7fd926d31000 (66 bytes)
1609362060.390788 sending message 105 to peer 0x7fd926d31000 (20 bytes)
1609362060.390795 sending message 105 to peer 0x7fd926d31000 (57 bytes)
1609362060.390802 sending message 105 to peer 0x7fd926d31000 (11 bytes)
1609362060.390808 sending message 105 to peer 0x7fd926d31000 (12 bytes)
1609362060.390815 sending message 105 to peer 0x7fd926d31000 (14 bytes)
1609362060.390822 sending message 105 to peer 0x7fd926d31000 (36 bytes)
1609362060.390829 sending message 105 to peer 0x7fd926d31000 (38 bytes)
1609362060.390835 sending message 106 to peer 0x7fd926d31000 (0 bytes)
1609362060.390844 sending message 200 to peer 0x7fd926d31000 (4 bytes)
1609362060.390851 client loop enter
1609362060.392538 peer 0x7fd926d31000 message 207
1609362060.392558 sending message 208 to peer 0x7fd926d31000 (0 bytes)
1609362060.392568 peer 0x7fd926d31000 message 203
1609362060.392575 sending message 205 to peer 0x7fd926d31000 (0 bytes)
1609362060.392882 peer 0x7fd926d31000 message 204
1609362060.392902 client loop exit
