1630767252.746076 client started (52272): version 3.0a, socket /tmp//tmux-1000/default, protocol 8
1630767252.746107 on Linux 5.4.0-81-generic #91-Ubuntu SMP Thu Jul 15 19:09:17 UTC 2021; libevent 2.1.11-stable (poll)
1630767252.746126 socket is /tmp//tmux-1000/default
1630767252.746140 trying connect
1630767252.746192 add peer 0x55d3af6b7c00: 6 ((nil))
1630767252.746268 sending message 100 to peer 0x55d3af6b7c00 (4 bytes)
1630767252.746288 sending message 101 to peer 0x55d3af6b7c00 (16 bytes)
1630767252.746302 sending message 102 to peer 0x55d3af6b7c00 (11 bytes)
1630767252.746316 sending message 108 to peer 0x55d3af6b7c00 (27 bytes)
1630767252.746331 sending message 104 to peer 0x55d3af6b7c00 (0 bytes)
1630767252.746345 sending message 107 to peer 0x55d3af6b7c00 (4 bytes)
1630767252.746362 sending message 105 to peer 0x55d3af6b7c00 (31 bytes)
1630767252.746376 sending message 105 to peer 0x55d3af6b7c00 (38 bytes)
1630767252.746390 sending message 105 to peer 0x55d3af6b7c00 (18 bytes)
1630767252.746404 sending message 105 to peer 0x55d3af6b7c00 (40 bytes)
1630767252.746418 sending message 105 to peer 0x55d3af6b7c00 (108 bytes)
1630767252.746432 sending message 105 to peer 0x55d3af6b7c00 (35 bytes)
1630767252.746446 sending message 105 to peer 0x55d3af6b7c00 (54 bytes)
1630767252.746460 sending message 105 to peer 0x55d3af6b7c00 (109 bytes)
1630767252.746473 sending message 105 to peer 0x55d3af6b7c00 (15 bytes)
1630767252.746487 sending message 105 to peer 0x55d3af6b7c00 (12 bytes)
1630767252.746502 sending message 105 to peer 0x55d3af6b7c00 (14 bytes)
1630767252.746515 sending message 105 to peer 0x55d3af6b7c00 (26 bytes)
1630767252.746529 sending message 105 to peer 0x55d3af6b7c00 (85 bytes)
1630767252.746543 sending message 105 to peer 0x55d3af6b7c00 (13 bytes)
1630767252.746557 sending message 105 to peer 0x55d3af6b7c00 (12 bytes)
1630767252.746571 sending message 105 to peer 0x55d3af6b7c00 (42 bytes)
1630767252.746584 sending message 105 to peer 0x55d3af6b7c00 (19 bytes)
1630767252.746598 sending message 105 to peer 0x55d3af6b7c00 (11 bytes)
1630767252.746612 sending message 105 to peer 0x55d3af6b7c00 (40 bytes)
1630767252.746625 sending message 105 to peer 0x55d3af6b7c00 (14 bytes)
1630767252.746639 sending message 105 to peer 0x55d3af6b7c00 (53 bytes)
1630767252.746656 sending message 105 to peer 0x55d3af6b7c00 (8 bytes)
1630767252.746671 sending message 105 to peer 0x55d3af6b7c00 (31 bytes)
1630767252.746686 sending message 105 to peer 0x55d3af6b7c00 (161 bytes)
1630767252.746700 sending message 105 to peer 0x55d3af6b7c00 (11 bytes)
1630767252.746714 sending message 105 to peer 0x55d3af6b7c00 (36 bytes)
1630767252.746727 sending message 105 to peer 0x55d3af6b7c00 (17 bytes)
1630767252.746741 sending message 105 to peer 0x55d3af6b7c00 (21 bytes)
1630767252.746755 sending message 105 to peer 0x55d3af6b7c00 (19 bytes)
1630767252.746769 sending message 105 to peer 0x55d3af6b7c00 (21 bytes)
1630767252.746784 sending message 105 to peer 0x55d3af6b7c00 (23 bytes)
1630767252.746798 sending message 105 to peer 0x55d3af6b7c00 (35 bytes)
1630767252.746812 sending message 105 to peer 0x55d3af6b7c00 (22 bytes)
1630767252.746827 sending message 106 to peer 0x55d3af6b7c00 (0 bytes)
1630767252.746842 sending message 200 to peer 0x55d3af6b7c00 (4 bytes)
1630767252.746856 client loop enter
1630767252.747848 peer 0x55d3af6b7c00 message 211
1630767252.747873 client_write: sessions should be nested with care, unset $TMUX to force\n
1630767252.747917 peer 0x55d3af6b7c00 message 203
1630767252.747935 client loop exit
